<?xml version="1.0" encoding="UTF-8"?>
<!-- Generated by org.testng.reporters.JUnitReportReporter -->
<testsuite skipped="0" hostname="DT-6NMR5Z1" name="amazonTests.AmazonLoginPageTestValidUser" tests="1" failures="0" timestamp="30 Jul 2018 10:05:30 GMT" time="17.841" errors="0">
  <testcase name="validUsersignInsignOutTest" time="17.841" classname="amazonTests.AmazonLoginPageTestValidUser"/>
</testsuite> <!-- amazonTests.AmazonLoginPageTestValidUser -->
